<?xml version="1.0" encoding="UTF-8"?>
<testng-results ignored="0" total="1" passed="1" failed="0" skipped="0">
  <reporter-output>
  </reporter-output>
  <suite started-at="2024-04-16T16:15:12Z" name="Default suite" finished-at="2024-04-16T16:15:26Z" duration-ms="13395">
    <groups>
    </groups>
    <test started-at="2024-04-16T16:15:12Z" name="Default test" finished-at="2024-04-16T16:15:26Z" duration-ms="13395">
      <class name="tcs_InsSers.TC001_Verify_Authentication">
        <test-method is-config="true" signature="startWebDriver()[pri:0, instance:tcs_InsSers.TC001_Verify_Authentication@680d4a6a]" started-at="2024-04-16T10:15:12Z" name="startWebDriver" finished-at="2024-04-16T10:15:13Z" duration-ms="850" status="PASS">
          <reporter-output>
          </reporter-output>
        </test-method> <!-- startWebDriver -->
        <test-method signature="TC001()[pri:0, instance:tcs_InsSers.TC001_Verify_Authentication@680d4a6a]" started-at="2024-04-16T10:15:13Z" name="TC001" finished-at="2024-04-16T10:15:24Z" duration-ms="11281" status="PASS">
          <reporter-output>
          </reporter-output>
        </test-method> <!-- TC001 -->
        <test-method is-config="true" signature="closeDriver()[pri:0, instance:tcs_InsSers.TC001_Verify_Authentication@680d4a6a]" started-at="2024-04-16T10:15:24Z" name="closeDriver" finished-at="2024-04-16T10:15:26Z" duration-ms="1251" status="PASS">
          <reporter-output>
          </reporter-output>
        </test-method> <!-- closeDriver -->
      </class> <!-- tcs_InsSers.TC001_Verify_Authentication -->
    </test> <!-- Default test -->
  </suite> <!-- Default suite -->
</testng-results>
